Using pre-set license
Built from '2021.3/staging' branch; Version is '2021.3.1f1 (3b70a0754835) revision 3895456'; Using compiler version '192829333'; Build Type 'Release'
OS: 'Windows 10  (10.0.19044) 64bit Core' Language: 'ko' Physical Memory: 32694 MB
BatchMode: 1, IsHumanControllingUs: 0, StartBugReporterOnCrash: 0, Is64bit: 1, IsPro: 1

COMMAND LINE ARGUMENTS:
C:\Program Files\Unity\Hub\Editor\2021.3.1f1\Editor\Unity.exe
-adb2
-batchMode
-noUpm
-name
AssetImportWorker3
-projectPath
D:/unity/05_Action
-logFile
Logs/AssetImportWorker3.log
-srvPort
8750
Successfully changed project path to: D:/unity/05_Action
D:/unity/05_Action
[UnityMemory] Configuration Parameters - Can be set up in boot.config
    "memorysetup-bucket-allocator-granularity=16"
    "memorysetup-bucket-allocator-bucket-count=8"
    "memorysetup-bucket-allocator-block-size=33554432"
    "memorysetup-bucket-allocator-block-count=8"
    "memorysetup-main-allocator-block-size=16777216"
    "memorysetup-thread-allocator-block-size=16777216"
    "memorysetup-gfx-main-allocator-block-size=16777216"
    "memorysetup-gfx-thread-allocator-block-size=16777216"
    "memorysetup-cache-allocator-block-size=4194304"
    "memorysetup-typetree-allocator-block-size=2097152"
    "memorysetup-profiler-bucket-allocator-granularity=16"
    "memorysetup-profiler-bucket-allocator-bucket-count=8"
    "memorysetup-profiler-bucket-allocator-block-size=33554432"
    "memorysetup-profiler-bucket-allocator-block-count=8"
    "memorysetup-profiler-allocator-block-size=16777216"
    "memorysetup-profiler-editor-allocator-block-size=1048576"
    "memorysetup-temp-allocator-size-main=16777216"
    "memorysetup-job-temp-allocator-block-size=2097152"
    "memorysetup-job-temp-allocator-block-size-background=1048576"
    "memorysetup-job-temp-allocator-reduction-small-platforms=262144"
    "memorysetup-temp-allocator-size-background-worker=32768"
    "memorysetup-temp-allocator-size-job-worker=262144"
    "memorysetup-temp-allocator-size-preload-manager=33554432"
    "memorysetup-temp-allocator-size-nav-mesh-worker=65536"
    "memorysetup-temp-allocator-size-audio-worker=65536"
    "memorysetup-temp-allocator-size-cloud-worker=32768"
    "memorysetup-temp-allocator-size-gi-baking-worker=262144"
    "memorysetup-temp-allocator-size-gfx=262144"
Refreshing native plugins compatible for Editor in 75.69 ms, found 3 plugins.
Preloading 0 native plugins for Editor in 0.00 ms.
Initialize engine version: 2021.3.1f1 (3b70a0754835)
[Subsystems] Discovering subsystems at path C:/Program Files/Unity/Hub/Editor/2021.3.1f1/Editor/Data/Resources/UnitySubsystems
[Subsystems] Discovering subsystems at path D:/unity/05_Action/Assets
GfxDevice: creating device client; threaded=0; jobified=0
Direct3D:
    Version:  Direct3D 11.0 [level 11.1]
    Renderer: NVIDIA GeForce RTX 3060 (ID=0x2503)
    Vendor:   NVIDIA
    VRAM:     12143 MB
    Driver:   30.0.14.7288
Initialize mono
Mono path[0] = 'C:/Program Files/Unity/Hub/Editor/2021.3.1f1/Editor/Data/Managed'
Mono path[1] = 'C:/Program Files/Unity/Hub/Editor/2021.3.1f1/Editor/Data/MonoBleedingEdge/lib/mono/unityjit-win32'
Mono config path = 'C:/Program Files/Unity/Hub/Editor/2021.3.1f1/Editor/Data/MonoBleedingEdge/etc'
Using monoOptions --debugger-agent=transport=dt_socket,embedding=1,server=y,suspend=n,address=127.0.0.1:56992
Begin MonoManager ReloadAssembly
Registering precompiled unity dll's ...
Register platform support module: C:/Program Files/Unity/Hub/Editor/2021.3.1f1/Editor/Data/PlaybackEngines/WindowsStandaloneSupport/UnityEditor.WindowsStandalone.Extensions.dll
Registered in 0.021655 seconds.
Native extension for WindowsStandalone target not found
Refreshing native plugins compatible for Editor in 73.54 ms, found 3 plugins.
Preloading 0 native plugins for Editor in 0.00 ms.
Mono: successfully reloaded assembly
- Completed reload, in  0.687 seconds
Domain Reload Profiling:
	ReloadAssembly (687ms)
		BeginReloadAssembly (118ms)
			ExecutionOrderSort (0ms)
			DisableScriptedObjects (0ms)
			BackupInstance (0ms)
			ReleaseScriptingObjects (0ms)
			CreateAndSetChildDomain (1ms)
		EndReloadAssembly (415ms)
			LoadAssemblies (111ms)
			RebuildTransferFunctionScriptingTraits (0ms)
			SetupTypeCache (98ms)
			ReleaseScriptCaches (0ms)
			RebuildScriptCaches (24ms)
			SetupLoadedEditorAssemblies (239ms)
				LogAssemblyErrors (0ms)
				InitializePlatformSupportModulesInManaged (12ms)
				SetLoadedEditorAssemblies (0ms)
				RefreshPlugins (74ms)
				BeforeProcessingInitializeOnLoad (1ms)
				ProcessInitializeOnLoadAttributes (104ms)
				ProcessInitializeOnLoadMethodAttributes (48ms)
				AfterProcessingInitializeOnLoad (0ms)
				EditorAssembliesLoaded (0ms)
			ExecutionOrderSort2 (0ms)
			AwakeInstancesAfterBackupRestoration (0ms)
Platform modules already initialized, skipping
Registering precompiled user dll's ...
Registered in 0.003488 seconds.
Begin MonoManager ReloadAssembly
Symbol file LoadedFromMemory doesn't match image D:\unity\05_Action\Library\PackageCache\com.unity.visualscripting@1.7.6\Editor\VisualScripting.Core\Dependencies\YamlDotNet\Unity.VisualScripting.YamlDotNet.dll
Symbol file LoadedFromMemory is not a mono symbol file
Symbol file LoadedFromMemory doesn't match image D:\unity\05_Action\Library\PackageCache\com.unity.visualscripting@1.7.6\Editor\VisualScripting.Core\Dependencies\DotNetZip\Unity.VisualScripting.IonicZip.dll
Native extension for WindowsStandalone target not found
Refreshing native plugins compatible for Editor in 68.71 ms, found 3 plugins.
Preloading 0 native plugins for Editor in 0.00 ms.
Mono: successfully reloaded assembly
- Completed reload, in  1.105 seconds
Domain Reload Profiling:
	ReloadAssembly (1106ms)
		BeginReloadAssembly (149ms)
			ExecutionOrderSort (0ms)
			DisableScriptedObjects (5ms)
			BackupInstance (0ms)
			ReleaseScriptingObjects (0ms)
			CreateAndSetChildDomain (17ms)
		EndReloadAssembly (834ms)
			LoadAssemblies (130ms)
			RebuildTransferFunctionScriptingTraits (0ms)
			SetupTypeCache (225ms)
			ReleaseScriptCaches (1ms)
			RebuildScriptCaches (42ms)
			SetupLoadedEditorAssemblies (434ms)
				LogAssemblyErrors (0ms)
				InitializePlatformSupportModulesInManaged (8ms)
				SetLoadedEditorAssemblies (0ms)
				RefreshPlugins (69ms)
				BeforeProcessingInitializeOnLoad (88ms)
				ProcessInitializeOnLoadAttributes (228ms)
				ProcessInitializeOnLoadMethodAttributes (18ms)
				AfterProcessingInitializeOnLoad (24ms)
				EditorAssembliesLoaded (0ms)
			ExecutionOrderSort2 (0ms)
			AwakeInstancesAfterBackupRestoration (13ms)
Platform modules already initialized, skipping
========================================================================
Worker process is ready to serve import requests
Launched and connected shader compiler UnityShaderCompiler.exe after 0.09 seconds
Refreshing native plugins compatible for Editor in 0.70 ms, found 3 plugins.
Preloading 0 native plugins for Editor in 0.00 ms.
Unloading 3573 Unused Serialized files (Serialized files now loaded: 0)
Unloading 26 unused Assets / (112.1 KB). Loaded Objects now: 4036.
Memory consumption went from 128.2 MB to 128.1 MB.
Total: 2.638800 ms (FindLiveObjects: 0.311600 ms CreateObjectMapping: 0.234300 ms MarkObjects: 2.004400 ms  DeleteObjects: 0.087600 ms)

AssetImportParameters requested are different than current active one (requested -> active):
  custom:video-decoder-ogg-theora: a1e56fd34408186e4bbccfd4996cb3dc -> 
  custom:container-muxer-webm: aa71ff27fc2769a1b78a27578f13a17b -> 
  custom:container-demuxer-webm: 4f35f7cbe854078d1ac9338744f61a02 -> 
  custom:video-encoder-webm-vp8: eb34c28f22e8b96e1ab97ce403110664 -> 
  custom:audio-encoder-webm-vorbis: bf7c407c2cedff20999df2af8eb42d56 -> 
  custom:framework-win-MediaFoundation: 216162199b28c13a410421893ffa2e32 -> 
  custom:container-demuxer-ogg: 62fdf1f143b41e24485cea50d1cbac27 -> 
  custom:video-decoder-webm-vp8: 9c59270c3fd7afecdb556c50c9e8de78 -> 
  custom:audio-decoder-ogg-vorbis: bf7c407c2cedff20999df2af8eb42d56 -> 
========================================================================
Received Import Request.
  Time since last request: 51651.951410 seconds.
  path: Assets/_ExternalAssets/Adam/Materials/09 - Default.mat
  artifactKey: Guid(386d54a7058445545a451836548663c9) Importer(815301076,1909f56bfc062723c751e8b465ee728b)
Start importing Assets/_ExternalAssets/Adam/Materials/09 - Default.mat using Guid(386d54a7058445545a451836548663c9) Importer(815301076,1909f56bfc062723c751e8b465ee728b)  -> (artifact id: '66471eadd6ef36b4e74719d4694121ff') in 0.127410 seconds 
========================================================================
Received Import Request.
  Time since last request: 0.000017 seconds.
  path: Assets/_ExternalAssets/Adam/Materials/Adam_head_rubber.mat
  artifactKey: Guid(1c4865f3822eaf84a830a98cbf1425c6) Importer(815301076,1909f56bfc062723c751e8b465ee728b)
Start importing Assets/_ExternalAssets/Adam/Materials/Adam_head_rubber.mat using Guid(1c4865f3822eaf84a830a98cbf1425c6) Importer(815301076,1909f56bfc062723c751e8b465ee728b)  -> (artifact id: '3a6a54653ac34ccaeda3ef6945fd8976') in 0.136907 seconds 
========================================================================
Received Import Request.
  Time since last request: 0.000032 seconds.
  path: Assets/_ExternalAssets/Adam/Materials/Adam_Legs_metal.mat
  artifactKey: Guid(d478541e9af8acd42a33fc5a3ce4809b) Importer(815301076,1909f56bfc062723c751e8b465ee728b)
Start importing Assets/_ExternalAssets/Adam/Materials/Adam_Legs_metal.mat using Guid(d478541e9af8acd42a33fc5a3ce4809b) Importer(815301076,1909f56bfc062723c751e8b465ee728b)  -> (artifact id: 'c211660f701ccd0c3517231f93f06a39') in 0.008547 seconds 
========================================================================
Received Import Request.
  Time since last request: 0.000018 seconds.
  path: Assets/_ExternalAssets/Adam/Materials/Adam_Torso_rubber.mat
  artifactKey: Guid(b44eb069525c10a419c8b9296f121b32) Importer(815301076,1909f56bfc062723c751e8b465ee728b)
Start importing Assets/_ExternalAssets/Adam/Materials/Adam_Torso_rubber.mat using Guid(b44eb069525c10a419c8b9296f121b32) Importer(815301076,1909f56bfc062723c751e8b465ee728b)  -> (artifact id: 'c7b59b4c4688498f44e858ebd760edbc') in 0.007614 seconds 
========================================================================
Received Import Request.
  Time since last request: 0.000019 seconds.
  path: Assets/_ExternalAssets/Adam/Materials/Adam_Arms_metal.mat
  artifactKey: Guid(4fcb74037686ee74ebd57c9ee9cb29fc) Importer(815301076,1909f56bfc062723c751e8b465ee728b)
Start importing Assets/_ExternalAssets/Adam/Materials/Adam_Arms_metal.mat using Guid(4fcb74037686ee74ebd57c9ee9cb29fc) Importer(815301076,1909f56bfc062723c751e8b465ee728b)  -> (artifact id: '63227b6c06e3980a60e828048390ca2e') in 0.007675 seconds 
========================================================================
Received Import Request.
  Time since last request: 0.000027 seconds.
  path: Assets/_ExternalAssets/Adam/Materials/Adam_Legs_rubber.mat
  artifactKey: Guid(65ee2958960e143428e8ce3afc0c5f74) Importer(815301076,1909f56bfc062723c751e8b465ee728b)
Start importing Assets/_ExternalAssets/Adam/Materials/Adam_Legs_rubber.mat using Guid(65ee2958960e143428e8ce3afc0c5f74) Importer(815301076,1909f56bfc062723c751e8b465ee728b)  -> (artifact id: 'ab8a872bd16d5be321deb4f365dd1c96') in 0.009304 seconds 
========================================================================
Received Import Request.
  Time since last request: 0.000022 seconds.
  path: Assets/_ExternalAssets/Adam/Materials/Adam_Arms_plastic.mat
  artifactKey: Guid(8fbd0e1aca0d58e498daa81e70247a2f) Importer(815301076,1909f56bfc062723c751e8b465ee728b)
Start importing Assets/_ExternalAssets/Adam/Materials/Adam_Arms_plastic.mat using Guid(8fbd0e1aca0d58e498daa81e70247a2f) Importer(815301076,1909f56bfc062723c751e8b465ee728b)  -> (artifact id: '4722137f8e08d50e9b870cb9d4bc3726') in 0.007815 seconds 
========================================================================
Received Import Request.
  Time since last request: 0.000014 seconds.
  path: Assets/_ExternalAssets/Adam/Materials/Adam_Arms_rubber.mat
  artifactKey: Guid(88975882682fe6e469461f5c65ddcefb) Importer(815301076,1909f56bfc062723c751e8b465ee728b)
Start importing Assets/_ExternalAssets/Adam/Materials/Adam_Arms_rubber.mat using Guid(88975882682fe6e469461f5c65ddcefb) Importer(815301076,1909f56bfc062723c751e8b465ee728b)  -> (artifact id: '86caf0cfd68bc60cffa97ed3a1a9e5c1') in 0.008750 seconds 
========================================================================
Received Import Request.
  Time since last request: 0.000023 seconds.
  path: Assets/_ExternalAssets/Adam/Materials/Adam_Torso_plastic.mat
  artifactKey: Guid(c9a291228ed68134ba44d5a09702942e) Importer(815301076,1909f56bfc062723c751e8b465ee728b)
Start importing Assets/_ExternalAssets/Adam/Materials/Adam_Torso_plastic.mat using Guid(c9a291228ed68134ba44d5a09702942e) Importer(815301076,1909f56bfc062723c751e8b465ee728b)  -> (artifact id: 'bcab2f198ec0e0d6bb985b6a45dda85d') in 0.013245 seconds 
========================================================================
Received Import Request.
  Time since last request: 0.000017 seconds.
  path: Assets/_ExternalAssets/Adam/Materials/Adam_mask.mat
  artifactKey: Guid(0f4a2f9b0054f23499a92be37d27c0e6) Importer(815301076,1909f56bfc062723c751e8b465ee728b)
Start importing Assets/_ExternalAssets/Adam/Materials/Adam_mask.mat using Guid(0f4a2f9b0054f23499a92be37d27c0e6) Importer(815301076,1909f56bfc062723c751e8b465ee728b)  -> (artifact id: 'b29c58caeed018128fdc76270818047f') in 0.008913 seconds 
========================================================================
Received Import Request.
  Time since last request: 0.000017 seconds.
  path: Assets/_ExternalAssets/Adam/Materials/Adam_head_plastic.mat
  artifactKey: Guid(ed380d2fe2180df4ca2b710aef21aee2) Importer(815301076,1909f56bfc062723c751e8b465ee728b)
Start importing Assets/_ExternalAssets/Adam/Materials/Adam_head_plastic.mat using Guid(ed380d2fe2180df4ca2b710aef21aee2) Importer(815301076,1909f56bfc062723c751e8b465ee728b)  -> (artifact id: 'e29ca09c178fa433af1db706e9073927') in 0.013236 seconds 
========================================================================
Received Import Request.
  Time since last request: 0.000015 seconds.
  path: Assets/_ExternalAssets/Adam/Materials/Adam_Mask_metal.mat
  artifactKey: Guid(4453f04efd683ac4c8962d145f565d96) Importer(815301076,1909f56bfc062723c751e8b465ee728b)
Start importing Assets/_ExternalAssets/Adam/Materials/Adam_Mask_metal.mat using Guid(4453f04efd683ac4c8962d145f565d96) Importer(815301076,1909f56bfc062723c751e8b465ee728b)  -> (artifact id: '4693531a89e95f872aca9bdbc24f9256') in 0.010000 seconds 
========================================================================
Received Import Request.
  Time since last request: 0.000018 seconds.
  path: Assets/_ExternalAssets/Adam/Materials/Adam_BloodyHeadBracket.mat
  artifactKey: Guid(2da1be4b17e138e43898b16bcbc3b740) Importer(815301076,1909f56bfc062723c751e8b465ee728b)
Start importing Assets/_ExternalAssets/Adam/Materials/Adam_BloodyHeadBracket.mat using Guid(2da1be4b17e138e43898b16bcbc3b740) Importer(815301076,1909f56bfc062723c751e8b465ee728b)  -> (artifact id: 'b32d971c7674443cca00c4001156c993') in 0.007608 seconds 
========================================================================
Received Import Request.
  Time since last request: 34.819409 seconds.
  path: Assets/_ExternalAssets/Adam/Materials/Eye_metal.mat
  artifactKey: Guid(92a3ac32477fb454d95ef43987dc0c28) Importer(815301076,1909f56bfc062723c751e8b465ee728b)
Start importing Assets/_ExternalAssets/Adam/Materials/Eye_metal.mat using Guid(92a3ac32477fb454d95ef43987dc0c28) Importer(815301076,1909f56bfc062723c751e8b465ee728b)  -> (artifact id: 'b2ac5e5cecdf6633971c5557b06643e7') in 0.011300 seconds 
========================================================================
Received Import Request.
  Time since last request: 0.000021 seconds.
  path: Assets/_ExternalAssets/DogKnight/Material/Polyart.mat
  artifactKey: Guid(421140039854e8c42938a8cb73d3480c) Importer(815301076,1909f56bfc062723c751e8b465ee728b)
Start importing Assets/_ExternalAssets/DogKnight/Material/Polyart.mat using Guid(421140039854e8c42938a8cb73d3480c) Importer(815301076,1909f56bfc062723c751e8b465ee728b)  -> (artifact id: '4b1eb7978699db0e3016e6d9f1d77f8f') in 0.010017 seconds 
========================================================================
Received Import Request.
  Time since last request: 0.000019 seconds.
  path: Assets/Materials/Ground.mat
  artifactKey: Guid(1e269da468656e34a843f11d262e1386) Importer(815301076,1909f56bfc062723c751e8b465ee728b)
Start importing Assets/Materials/Ground.mat using Guid(1e269da468656e34a843f11d262e1386) Importer(815301076,1909f56bfc062723c751e8b465ee728b)  -> (artifact id: 'b31b8eb874d7800d55384845b57a08f5') in 0.008577 seconds 
========================================================================
Received Import Request.
  Time since last request: 0.000019 seconds.
  path: Assets/_ExternalAssets/RPG Tiny Hero Duo/Material/Skybox_Mat.mat
  artifactKey: Guid(353466c49cf019540bf2ac95815b7c1e) Importer(815301076,1909f56bfc062723c751e8b465ee728b)
Start importing Assets/_ExternalAssets/RPG Tiny Hero Duo/Material/Skybox_Mat.mat using Guid(353466c49cf019540bf2ac95815b7c1e) Importer(815301076,1909f56bfc062723c751e8b465ee728b)  -> (artifact id: '9b61cbdc0a68d838fdf24520ef52ad72') in 0.011259 seconds 
========================================================================
Received Import Request.
  Time since last request: 0.000021 seconds.
  path: Assets/_ExternalAssets/RPG Tiny Hero Duo/Mesh/OHS06.fbx
  artifactKey: Guid(8e583e9185af1be4e9dd6f501e6fe7d4) Importer(815301076,1909f56bfc062723c751e8b465ee728b)
Start importing Assets/_ExternalAssets/RPG Tiny Hero Duo/Mesh/OHS06.fbx using Guid(8e583e9185af1be4e9dd6f501e6fe7d4) Importer(815301076,1909f56bfc062723c751e8b465ee728b)  -> (artifact id: 'c445235a3d96b2234a8e8bdde971f767') in 0.107960 seconds 
========================================================================
Received Import Request.
  Time since last request: 0.000023 seconds.
  path: Assets/_ExternalAssets/Adam/Materials/Metal.mat
  artifactKey: Guid(036948667202f994287da2eca1782549) Importer(815301076,1909f56bfc062723c751e8b465ee728b)
Start importing Assets/_ExternalAssets/Adam/Materials/Metal.mat using Guid(036948667202f994287da2eca1782549) Importer(815301076,1909f56bfc062723c751e8b465ee728b)  -> (artifact id: '9b24b5669d237f652291093cf73120a4') in 0.012110 seconds 
========================================================================
Received Import Request.
  Time since last request: 0.000027 seconds.
  path: Assets/_ExternalAssets/RPG Tiny Hero Duo/Material/Stage.mat
  artifactKey: Guid(f2c23294678c47341aa7ffec8a34162a) Importer(815301076,1909f56bfc062723c751e8b465ee728b)
Start importing Assets/_ExternalAssets/RPG Tiny Hero Duo/Material/Stage.mat using Guid(f2c23294678c47341aa7ffec8a34162a) Importer(815301076,1909f56bfc062723c751e8b465ee728b)  -> (artifact id: '6e7cd81746eeea5bab46f5d0a8a44b3e') in 0.010219 seconds 
========================================================================
Received Import Request.
  Time since last request: 0.000030 seconds.
  path: Assets/_ExternalAssets/RPG Tiny Hero Duo/Mesh/Shield05.fbx
  artifactKey: Guid(99054bc45d8ad7442b1e413b0e260ca7) Importer(815301076,1909f56bfc062723c751e8b465ee728b)
Start importing Assets/_ExternalAssets/RPG Tiny Hero Duo/Mesh/Shield05.fbx using Guid(99054bc45d8ad7442b1e413b0e260ca7) Importer(815301076,1909f56bfc062723c751e8b465ee728b)  -> (artifact id: 'fab1ba3d856376dca8deea8367cd56e3') in 0.024587 seconds 
Editor requested this worker to shutdown with reason: Scaling down because of idle timeout
AssetImportWorker is now disconnected from the server
Process exiting
Exiting without the bug reporter. Application will terminate with return code 0